-------------------------------------------------------------------------------
Test set: com.blog.BlogLikeTest.BlogLikeTest
-------------------------------------------------------------------------------
Tests run: 1, Failures: 0, Errors: 1, Skipped: 0, Time elapsed: 15.605 s <<< FAILURE! - in com.blog.BlogLikeTest.BlogLikeTest
getBlogIdList(com.blog.BlogLikeTest.BlogLikeTest)  Time elapsed: 0.002 s  <<< ERROR!
java.lang.IllegalStateException: Failed to load ApplicationContext
Caused by: org.springframework.beans.factory.UnsatisfiedDependencyException: 
Error creating bean with name 'documentationPluginsBootstrapper' defined in URL [jar:file:/C:/Users/10168/.m2/repository/io/springfox/springfox-spring-web/2.9.2/springfox-spring-web-2.9.2.jar!/springfox/documentation/spring/web/plugins/DocumentationPluginsBootstrapper.class]: Unsatisfied dependency expressed through constructor parameter 1; nested exception is org.springframework.beans.factory.UnsatisfiedDependencyException: Error creating bean with name 'webMvcRequestHandlerProvider' defined in URL [jar:file:/C:/Users/10168/.m2/repository/io/springfox/springfox-spring-web/2.9.2/springfox-spring-web-2.9.2.jar!/springfox/documentation/spring/web/plugins/WebMvcRequestHandlerProvider.class]: Unsatisfied dependency expressed through constructor parameter 1; nested exception is org.springframework.beans.factory.BeanCreationException: Error creating bean with name 'requestMappingHandlerMapping' defined in class path resource [org/springframework/boot/autoconfigure/web/servlet/WebMvcAutoConfiguration$EnableWebMvcConfiguration.class]: Invocation of init method failed; nested exception is java.lang.IllegalStateException: Ambiguous mapping. Cannot map 'bolgController' method 
public com.blog.util.result.Result com.blog.controller.BolgController.DeleteImg1(java.lang.String)
to {POST /api/blog/delectImg}: There is already 'bolgController' bean method
public com.blog.util.result.Result com.blog.controller.BolgController.DeleteImg(java.lang.String) mapped.
Caused by: org.springframework.beans.factory.UnsatisfiedDependencyException: 
Error creating bean with name 'webMvcRequestHandlerProvider' defined in URL [jar:file:/C:/Users/10168/.m2/repository/io/springfox/springfox-spring-web/2.9.2/springfox-spring-web-2.9.2.jar!/springfox/documentation/spring/web/plugins/WebMvcRequestHandlerProvider.class]: Unsatisfied dependency expressed through constructor parameter 1; nested exception is org.springframework.beans.factory.BeanCreationException: Error creating bean with name 'requestMappingHandlerMapping' defined in class path resource [org/springframework/boot/autoconfigure/web/servlet/WebMvcAutoConfiguration$EnableWebMvcConfiguration.class]: Invocation of init method failed; nested exception is java.lang.IllegalStateException: Ambiguous mapping. Cannot map 'bolgController' method 
public com.blog.util.result.Result com.blog.controller.BolgController.DeleteImg1(java.lang.String)
to {POST /api/blog/delectImg}: There is already 'bolgController' bean method
public com.blog.util.result.Result com.blog.controller.BolgController.DeleteImg(java.lang.String) mapped.
Caused by: org.springframework.beans.factory.BeanCreationException: 
Error creating bean with name 'requestMappingHandlerMapping' defined in class path resource [org/springframework/boot/autoconfigure/web/servlet/WebMvcAutoConfiguration$EnableWebMvcConfiguration.class]: Invocation of init method failed; nested exception is java.lang.IllegalStateException: Ambiguous mapping. Cannot map 'bolgController' method 
public com.blog.util.result.Result com.blog.controller.BolgController.DeleteImg1(java.lang.String)
to {POST /api/blog/delectImg}: There is already 'bolgController' bean method
public com.blog.util.result.Result com.blog.controller.BolgController.DeleteImg(java.lang.String) mapped.
Caused by: java.lang.IllegalStateException: 
Ambiguous mapping. Cannot map 'bolgController' method 
public com.blog.util.result.Result com.blog.controller.BolgController.DeleteImg1(java.lang.String)
to {POST /api/blog/delectImg}: There is already 'bolgController' bean method
public com.blog.util.result.Result com.blog.controller.BolgController.DeleteImg(java.lang.String) mapped.

